2019-12-25 12:20:17.489  INFO 4811 --- [restartedMain] com.maxi.crud.CrudApplication            : Starting CrudApplication on Maximilianos-MacBook-Pro.local with PID 4811 (/Users/maxi/Documents/Projects/crud/crud/target/classes started by maxi in /Users/maxi/Documents/Projects/crud/crud)
2019-12-25 12:20:17.499  INFO 4811 --- [restartedMain] com.maxi.crud.CrudApplication            : No active profile set, falling back to default profiles: default
2019-12-25 12:20:17.564  INFO 4811 --- [restartedMain] o.s.b.devtools.restart.ChangeableUrls    : The Class-Path manifest attribute in /Users/maxi/.m2/repository/org/glassfish/jaxb/jaxb-runtime/2.3.2/jaxb-runtime-2.3.2.jar referenced one or more files that do not exist: file:/Users/maxi/.m2/repository/org/glassfish/jaxb/jaxb-runtime/2.3.2/jakarta.xml.bind-api-2.3.2.jar,file:/Users/maxi/.m2/repository/org/glassfish/jaxb/jaxb-runtime/2.3.2/txw2-2.3.2.jar,file:/Users/maxi/.m2/repository/org/glassfish/jaxb/jaxb-runtime/2.3.2/istack-commons-runtime-3.0.8.jar,file:/Users/maxi/.m2/repository/org/glassfish/jaxb/jaxb-runtime/2.3.2/stax-ex-1.8.1.jar,file:/Users/maxi/.m2/repository/org/glassfish/jaxb/jaxb-runtime/2.3.2/FastInfoset-1.2.16.jar,file:/Users/maxi/.m2/repository/org/glassfish/jaxb/jaxb-runtime/2.3.2/jakarta.activation-api-1.2.1.jar
2019-12-25 12:20:17.564  INFO 4811 --- [restartedMain] .e.DevToolsPropertyDefaultsPostProcessor : Devtools property defaults active! Set 'spring.devtools.add-properties' to 'false' to disable
2019-12-25 12:20:17.565  INFO 4811 --- [restartedMain] .e.DevToolsPropertyDefaultsPostProcessor : For additional web related logging consider setting the 'logging.level.web' property to 'DEBUG'
2019-12-25 12:20:18.634  INFO 4811 --- [restartedMain] .s.d.r.c.RepositoryConfigurationDelegate : Bootstrapping Spring Data JPA repositories in DEFAULT mode.
2019-12-25 12:20:18.706  INFO 4811 --- [restartedMain] .s.d.r.c.RepositoryConfigurationDelegate : Finished Spring Data repository scanning in 60ms. Found 1 JPA repository interfaces.
2019-12-25 12:20:19.193  INFO 4811 --- [restartedMain] trationDelegate$BeanPostProcessorChecker : Bean 'org.springframework.transaction.annotation.ProxyTransactionManagementConfiguration' of type [org.springframework.transaction.annotation.ProxyTransactionManagementConfiguration] is not eligible for getting processed by all BeanPostProcessors (for example: not eligible for auto-proxying)
2019-12-25 12:20:19.509  INFO 4811 --- [restartedMain] o.s.b.w.embedded.tomcat.TomcatWebServer  : Tomcat initialized with port(s): 8080 (http)
2019-12-25 12:20:19.521  INFO 4811 --- [restartedMain] o.apache.catalina.core.StandardService   : Starting service [Tomcat]
2019-12-25 12:20:19.521  INFO 4811 --- [restartedMain] org.apache.catalina.core.StandardEngine  : Starting Servlet engine: [Apache Tomcat/9.0.29]
2019-12-25 12:20:19.615  INFO 4811 --- [restartedMain] o.a.c.c.C.[Tomcat].[localhost].[/]       : Initializing Spring embedded WebApplicationContext
2019-12-25 12:20:19.615  INFO 4811 --- [restartedMain] o.s.web.context.ContextLoader            : Root WebApplicationContext: initialization completed in 2050 ms
2019-12-25 12:20:20.169  INFO 4811 --- [restartedMain] com.zaxxer.hikari.HikariDataSource       : HikariPool-1 - Starting...
2019-12-25 12:20:20.284  INFO 4811 --- [restartedMain] com.zaxxer.hikari.HikariDataSource       : HikariPool-1 - Start completed.
2019-12-25 12:20:21.101  INFO 4811 --- [restartedMain] j.LocalContainerEntityManagerFactoryBean : Initialized JPA EntityManagerFactory for persistence unit 'default'
2019-12-25 12:20:21.118  INFO 4811 --- [restartedMain] o.s.b.d.a.OptionalLiveReloadServer       : LiveReload server is running on port 35729
2019-12-25 12:20:21.594  WARN 4811 --- [restartedMain] JpaBaseConfiguration$JpaWebConfiguration : spring.jpa.open-in-view is enabled by default. Therefore, database queries may be performed during view rendering. Explicitly configure spring.jpa.open-in-view to disable this warning
2019-12-25 12:20:21.729  INFO 4811 --- [restartedMain] pertySourcedRequestMappingHandlerMapping : Mapped URL path [/v2/api-docs] onto method [springfox.documentation.swagger2.web.Swagger2Controller#getDocumentation(String, HttpServletRequest)]
2019-12-25 12:20:21.863  INFO 4811 --- [restartedMain] o.s.s.concurrent.ThreadPoolTaskExecutor  : Initializing ExecutorService 'applicationTaskExecutor'
2019-12-25 12:20:22.094  INFO 4811 --- [restartedMain] .s.s.UserDetailsServiceAutoConfiguration : 

Using generated security password: ea144dfd-3c0e-49b8-9e56-5b879b261a55

2019-12-25 12:20:22.200  INFO 4811 --- [restartedMain] o.s.s.web.DefaultSecurityFilterChain     : Creating filter chain: any request, [org.springframework.security.web.context.request.async.WebAsyncManagerIntegrationFilter@7c5b1676, org.springframework.security.web.context.SecurityContextPersistenceFilter@132c5aaf, org.springframework.security.web.header.HeaderWriterFilter@35442fee, org.springframework.security.web.csrf.CsrfFilter@43a4c3d6, org.springframework.security.web.authentication.logout.LogoutFilter@403e2753, org.springframework.security.web.authentication.UsernamePasswordAuthenticationFilter@3fd88b65, org.springframework.security.web.authentication.ui.DefaultLoginPageGeneratingFilter@1885c2f2, org.springframework.security.web.authentication.ui.DefaultLogoutPageGeneratingFilter@70cb6fc0, org.springframework.security.web.authentication.www.BasicAuthenticationFilter@41ddf84, org.springframework.security.web.savedrequest.RequestCacheAwareFilter@6136fcd, org.springframework.security.web.servletapi.SecurityContextHolderAwareRequestFilter@3ca05dd5, org.springframework.security.web.authentication.AnonymousAuthenticationFilter@7ae61174, org.springframework.security.web.session.SessionManagementFilter@1d7be2b2, org.springframework.security.web.access.ExceptionTranslationFilter@a01c5e, org.springframework.security.web.access.intercept.FilterSecurityInterceptor@5b348e60]
2019-12-25 12:20:22.241  INFO 4811 --- [restartedMain] d.s.w.p.DocumentationPluginsBootstrapper : Context refreshed
2019-12-25 12:20:22.258  INFO 4811 --- [restartedMain] d.s.w.p.DocumentationPluginsBootstrapper : Found 1 custom documentation plugin(s)
2019-12-25 12:20:22.290  INFO 4811 --- [restartedMain] s.d.s.w.s.ApiListingReferenceScanner     : Scanning for api listing references
2019-12-25 12:20:22.506  INFO 4811 --- [restartedMain] o.s.b.w.embedded.tomcat.TomcatWebServer  : Tomcat started on port(s): 8080 (http) with context path ''
2019-12-25 12:20:22.510  INFO 4811 --- [restartedMain] com.maxi.crud.CrudApplication            : Started CrudApplication in 5.671 seconds (JVM running for 6.333)
2019-12-25 12:20:32.958  INFO 4811 --- [http-nio-8080-exec-1] o.a.c.c.C.[Tomcat].[localhost].[/]       : Initializing Spring DispatcherServlet 'dispatcherServlet'
2019-12-25 12:20:32.959  INFO 4811 --- [http-nio-8080-exec-1] o.s.web.servlet.DispatcherServlet        : Initializing Servlet 'dispatcherServlet'
2019-12-25 12:20:32.970  INFO 4811 --- [http-nio-8080-exec-1] o.s.web.servlet.DispatcherServlet        : Completed initialization in 11 ms
2019-12-25 12:20:37.929  INFO 4811 --- [SpringContextShutdownHook] o.s.s.concurrent.ThreadPoolTaskExecutor  : Shutting down ExecutorService 'applicationTaskExecutor'
2019-12-25 12:20:37.932  INFO 4811 --- [SpringContextShutdownHook] j.LocalContainerEntityManagerFactoryBean : Closing JPA EntityManagerFactory for persistence unit 'default'
2019-12-25 12:20:37.937  INFO 4811 --- [SpringContextShutdownHook] com.zaxxer.hikari.HikariDataSource       : HikariPool-1 - Shutdown initiated...
2019-12-25 12:20:37.952  INFO 4811 --- [SpringContextShutdownHook] com.zaxxer.hikari.HikariDataSource       : HikariPool-1 - Shutdown completed.
2019-12-25 16:16:16.149  INFO 4929 --- [restartedMain] com.maxi.crud.CrudApplication            : Starting CrudApplication on Maximilianos-MacBook-Pro.local with PID 4929 (/Users/maxi/Documents/Projects/crud/crud/target/classes started by maxi in /Users/maxi/Documents/Projects/crud/crud)
2019-12-25 16:16:16.152  INFO 4929 --- [restartedMain] com.maxi.crud.CrudApplication            : No active profile set, falling back to default profiles: default
2019-12-25 16:16:16.217  INFO 4929 --- [restartedMain] o.s.b.devtools.restart.ChangeableUrls    : The Class-Path manifest attribute in /Users/maxi/.m2/repository/org/glassfish/jaxb/jaxb-runtime/2.3.2/jaxb-runtime-2.3.2.jar referenced one or more files that do not exist: file:/Users/maxi/.m2/repository/org/glassfish/jaxb/jaxb-runtime/2.3.2/jakarta.xml.bind-api-2.3.2.jar,file:/Users/maxi/.m2/repository/org/glassfish/jaxb/jaxb-runtime/2.3.2/txw2-2.3.2.jar,file:/Users/maxi/.m2/repository/org/glassfish/jaxb/jaxb-runtime/2.3.2/istack-commons-runtime-3.0.8.jar,file:/Users/maxi/.m2/repository/org/glassfish/jaxb/jaxb-runtime/2.3.2/stax-ex-1.8.1.jar,file:/Users/maxi/.m2/repository/org/glassfish/jaxb/jaxb-runtime/2.3.2/FastInfoset-1.2.16.jar,file:/Users/maxi/.m2/repository/org/glassfish/jaxb/jaxb-runtime/2.3.2/jakarta.activation-api-1.2.1.jar
2019-12-25 16:16:16.218  INFO 4929 --- [restartedMain] .e.DevToolsPropertyDefaultsPostProcessor : Devtools property defaults active! Set 'spring.devtools.add-properties' to 'false' to disable
2019-12-25 16:16:16.218  INFO 4929 --- [restartedMain] .e.DevToolsPropertyDefaultsPostProcessor : For additional web related logging consider setting the 'logging.level.web' property to 'DEBUG'
2019-12-25 16:16:17.215  INFO 4929 --- [restartedMain] .s.d.r.c.RepositoryConfigurationDelegate : Bootstrapping Spring Data JPA repositories in DEFAULT mode.
2019-12-25 16:16:17.274  INFO 4929 --- [restartedMain] .s.d.r.c.RepositoryConfigurationDelegate : Finished Spring Data repository scanning in 51ms. Found 1 JPA repository interfaces.
2019-12-25 16:16:17.660  INFO 4929 --- [restartedMain] trationDelegate$BeanPostProcessorChecker : Bean 'org.springframework.transaction.annotation.ProxyTransactionManagementConfiguration' of type [org.springframework.transaction.annotation.ProxyTransactionManagementConfiguration] is not eligible for getting processed by all BeanPostProcessors (for example: not eligible for auto-proxying)
2019-12-25 16:16:17.930  INFO 4929 --- [restartedMain] o.s.b.w.embedded.tomcat.TomcatWebServer  : Tomcat initialized with port(s): 8080 (http)
2019-12-25 16:16:17.940  INFO 4929 --- [restartedMain] o.apache.catalina.core.StandardService   : Starting service [Tomcat]
2019-12-25 16:16:17.940  INFO 4929 --- [restartedMain] org.apache.catalina.core.StandardEngine  : Starting Servlet engine: [Apache Tomcat/9.0.29]
2019-12-25 16:16:18.017  INFO 4929 --- [restartedMain] o.a.c.c.C.[Tomcat].[localhost].[/]       : Initializing Spring embedded WebApplicationContext
2019-12-25 16:16:18.017  INFO 4929 --- [restartedMain] o.s.web.context.ContextLoader            : Root WebApplicationContext: initialization completed in 1799 ms
2019-12-25 16:16:18.468  INFO 4929 --- [restartedMain] com.zaxxer.hikari.HikariDataSource       : HikariPool-1 - Starting...
2019-12-25 16:16:18.541  INFO 4929 --- [restartedMain] com.zaxxer.hikari.HikariDataSource       : HikariPool-1 - Start completed.
2019-12-25 16:16:19.136  INFO 4929 --- [restartedMain] j.LocalContainerEntityManagerFactoryBean : Initialized JPA EntityManagerFactory for persistence unit 'default'
2019-12-25 16:16:19.151  INFO 4929 --- [restartedMain] o.s.b.d.a.OptionalLiveReloadServer       : LiveReload server is running on port 35729
2019-12-25 16:16:19.416  WARN 4929 --- [restartedMain] JpaBaseConfiguration$JpaWebConfiguration : spring.jpa.open-in-view is enabled by default. Therefore, database queries may be performed during view rendering. Explicitly configure spring.jpa.open-in-view to disable this warning
2019-12-25 16:16:19.707  INFO 4929 --- [restartedMain] pertySourcedRequestMappingHandlerMapping : Mapped URL path [/v2/api-docs] onto method [springfox.documentation.swagger2.web.Swagger2Controller#getDocumentation(String, HttpServletRequest)]
2019-12-25 16:16:19.949  INFO 4929 --- [restartedMain] o.s.s.web.DefaultSecurityFilterChain     : Creating filter chain: any request, [org.springframework.security.web.context.request.async.WebAsyncManagerIntegrationFilter@1b915bc9, org.springframework.security.web.context.SecurityContextPersistenceFilter@262825c3, org.springframework.security.web.header.HeaderWriterFilter@10446870, org.springframework.security.web.authentication.logout.LogoutFilter@1aada7ea, org.springframework.security.web.authentication.UsernamePasswordAuthenticationFilter@6c0446e5, org.springframework.security.web.savedrequest.RequestCacheAwareFilter@3c0cd4a8, org.springframework.security.web.servletapi.SecurityContextHolderAwareRequestFilter@636db89, org.springframework.security.web.authentication.AnonymousAuthenticationFilter@10398ab9, org.springframework.security.web.session.SessionManagementFilter@19e9386d, org.springframework.security.web.access.ExceptionTranslationFilter@4fa74be9, org.springframework.security.web.access.intercept.FilterSecurityInterceptor@733b09fd]
2019-12-25 16:16:20.069  INFO 4929 --- [restartedMain] o.s.s.concurrent.ThreadPoolTaskExecutor  : Initializing ExecutorService 'applicationTaskExecutor'
2019-12-25 16:16:20.252  INFO 4929 --- [restartedMain] d.s.w.p.DocumentationPluginsBootstrapper : Context refreshed
2019-12-25 16:16:20.265  INFO 4929 --- [restartedMain] d.s.w.p.DocumentationPluginsBootstrapper : Found 1 custom documentation plugin(s)
2019-12-25 16:16:20.295  INFO 4929 --- [restartedMain] s.d.s.w.s.ApiListingReferenceScanner     : Scanning for api listing references
2019-12-25 16:16:20.448  INFO 4929 --- [restartedMain] o.s.b.w.embedded.tomcat.TomcatWebServer  : Tomcat started on port(s): 8080 (http) with context path ''
2019-12-25 16:16:20.451  INFO 4929 --- [restartedMain] com.maxi.crud.CrudApplication            : Started CrudApplication in 4.669 seconds (JVM running for 5.286)
2019-12-25 16:16:29.152  INFO 4929 --- [http-nio-8080-exec-1] o.a.c.c.C.[Tomcat].[localhost].[/]       : Initializing Spring DispatcherServlet 'dispatcherServlet'
2019-12-25 16:16:29.152  INFO 4929 --- [http-nio-8080-exec-1] o.s.web.servlet.DispatcherServlet        : Initializing Servlet 'dispatcherServlet'
2019-12-25 16:16:29.162  INFO 4929 --- [http-nio-8080-exec-1] o.s.web.servlet.DispatcherServlet        : Completed initialization in 9 ms
2019-12-25 16:17:39.966  INFO 4929 --- [SpringContextShutdownHook] o.s.s.concurrent.ThreadPoolTaskExecutor  : Shutting down ExecutorService 'applicationTaskExecutor'
2019-12-25 16:17:39.968  INFO 4929 --- [SpringContextShutdownHook] j.LocalContainerEntityManagerFactoryBean : Closing JPA EntityManagerFactory for persistence unit 'default'
2019-12-25 16:17:39.971  INFO 4929 --- [SpringContextShutdownHook] com.zaxxer.hikari.HikariDataSource       : HikariPool-1 - Shutdown initiated...
2019-12-25 16:17:39.977  INFO 4929 --- [SpringContextShutdownHook] com.zaxxer.hikari.HikariDataSource       : HikariPool-1 - Shutdown completed.
2019-12-25 16:17:42.980  INFO 4954 --- [restartedMain] com.maxi.crud.CrudApplication            : Starting CrudApplication on Maximilianos-MacBook-Pro.local with PID 4954 (/Users/maxi/Documents/Projects/crud/crud/target/classes started by maxi in /Users/maxi/Documents/Projects/crud/crud)
2019-12-25 16:17:42.983  INFO 4954 --- [restartedMain] com.maxi.crud.CrudApplication            : No active profile set, falling back to default profiles: default
2019-12-25 16:17:43.030  INFO 4954 --- [restartedMain] o.s.b.devtools.restart.ChangeableUrls    : The Class-Path manifest attribute in /Users/maxi/.m2/repository/org/glassfish/jaxb/jaxb-runtime/2.3.2/jaxb-runtime-2.3.2.jar referenced one or more files that do not exist: file:/Users/maxi/.m2/repository/org/glassfish/jaxb/jaxb-runtime/2.3.2/jakarta.xml.bind-api-2.3.2.jar,file:/Users/maxi/.m2/repository/org/glassfish/jaxb/jaxb-runtime/2.3.2/txw2-2.3.2.jar,file:/Users/maxi/.m2/repository/org/glassfish/jaxb/jaxb-runtime/2.3.2/istack-commons-runtime-3.0.8.jar,file:/Users/maxi/.m2/repository/org/glassfish/jaxb/jaxb-runtime/2.3.2/stax-ex-1.8.1.jar,file:/Users/maxi/.m2/repository/org/glassfish/jaxb/jaxb-runtime/2.3.2/FastInfoset-1.2.16.jar,file:/Users/maxi/.m2/repository/org/glassfish/jaxb/jaxb-runtime/2.3.2/jakarta.activation-api-1.2.1.jar
2019-12-25 16:17:43.030  INFO 4954 --- [restartedMain] .e.DevToolsPropertyDefaultsPostProcessor : Devtools property defaults active! Set 'spring.devtools.add-properties' to 'false' to disable
2019-12-25 16:17:43.031  INFO 4954 --- [restartedMain] .e.DevToolsPropertyDefaultsPostProcessor : For additional web related logging consider setting the 'logging.level.web' property to 'DEBUG'
2019-12-25 16:17:43.999  INFO 4954 --- [restartedMain] .s.d.r.c.RepositoryConfigurationDelegate : Bootstrapping Spring Data JPA repositories in DEFAULT mode.
2019-12-25 16:17:44.064  INFO 4954 --- [restartedMain] .s.d.r.c.RepositoryConfigurationDelegate : Finished Spring Data repository scanning in 55ms. Found 1 JPA repository interfaces.
2019-12-25 16:17:44.469  INFO 4954 --- [restartedMain] trationDelegate$BeanPostProcessorChecker : Bean 'org.springframework.transaction.annotation.ProxyTransactionManagementConfiguration' of type [org.springframework.transaction.annotation.ProxyTransactionManagementConfiguration] is not eligible for getting processed by all BeanPostProcessors (for example: not eligible for auto-proxying)
2019-12-25 16:17:44.731  INFO 4954 --- [restartedMain] o.s.b.w.embedded.tomcat.TomcatWebServer  : Tomcat initialized with port(s): 8080 (http)
2019-12-25 16:17:44.741  INFO 4954 --- [restartedMain] o.apache.catalina.core.StandardService   : Starting service [Tomcat]
2019-12-25 16:17:44.741  INFO 4954 --- [restartedMain] org.apache.catalina.core.StandardEngine  : Starting Servlet engine: [Apache Tomcat/9.0.29]
2019-12-25 16:17:44.823  INFO 4954 --- [restartedMain] o.a.c.c.C.[Tomcat].[localhost].[/]       : Initializing Spring embedded WebApplicationContext
2019-12-25 16:17:44.824  INFO 4954 --- [restartedMain] o.s.web.context.ContextLoader            : Root WebApplicationContext: initialization completed in 1793 ms
2019-12-25 16:17:45.216  INFO 4954 --- [restartedMain] com.zaxxer.hikari.HikariDataSource       : HikariPool-1 - Starting...
2019-12-25 16:17:45.284  INFO 4954 --- [restartedMain] com.zaxxer.hikari.HikariDataSource       : HikariPool-1 - Start completed.
2019-12-25 16:17:45.896  INFO 4954 --- [restartedMain] j.LocalContainerEntityManagerFactoryBean : Initialized JPA EntityManagerFactory for persistence unit 'default'
2019-12-25 16:17:45.911  INFO 4954 --- [restartedMain] o.s.b.d.a.OptionalLiveReloadServer       : LiveReload server is running on port 35729
2019-12-25 16:17:46.195  WARN 4954 --- [restartedMain] JpaBaseConfiguration$JpaWebConfiguration : spring.jpa.open-in-view is enabled by default. Therefore, database queries may be performed during view rendering. Explicitly configure spring.jpa.open-in-view to disable this warning
2019-12-25 16:17:46.475  INFO 4954 --- [restartedMain] pertySourcedRequestMappingHandlerMapping : Mapped URL path [/v2/api-docs] onto method [springfox.documentation.swagger2.web.Swagger2Controller#getDocumentation(String, HttpServletRequest)]
2019-12-25 16:17:46.714  INFO 4954 --- [restartedMain] o.s.s.web.DefaultSecurityFilterChain     : Creating filter chain: any request, [org.springframework.security.web.context.request.async.WebAsyncManagerIntegrationFilter@11815fcf, org.springframework.security.web.context.SecurityContextPersistenceFilter@31e22759, org.springframework.security.web.header.HeaderWriterFilter@18c4f562, org.springframework.security.web.authentication.logout.LogoutFilter@2f0fd98b, org.springframework.security.web.authentication.UsernamePasswordAuthenticationFilter@536f697, org.springframework.security.web.savedrequest.RequestCacheAwareFilter@1e863934, org.springframework.security.web.servletapi.SecurityContextHolderAwareRequestFilter@1f88aeb6, org.springframework.security.web.authentication.AnonymousAuthenticationFilter@5fb6e65d, org.springframework.security.web.session.SessionManagementFilter@7724e2, org.springframework.security.web.access.ExceptionTranslationFilter@3a362132, org.springframework.security.web.access.intercept.FilterSecurityInterceptor@17c9fbdb]
2019-12-25 16:17:46.824  INFO 4954 --- [restartedMain] o.s.s.concurrent.ThreadPoolTaskExecutor  : Initializing ExecutorService 'applicationTaskExecutor'
2019-12-25 16:17:46.982  INFO 4954 --- [restartedMain] d.s.w.p.DocumentationPluginsBootstrapper : Context refreshed
2019-12-25 16:17:46.994  INFO 4954 --- [restartedMain] d.s.w.p.DocumentationPluginsBootstrapper : Found 1 custom documentation plugin(s)
2019-12-25 16:17:47.023  INFO 4954 --- [restartedMain] s.d.s.w.s.ApiListingReferenceScanner     : Scanning for api listing references
2019-12-25 16:17:47.183  INFO 4954 --- [restartedMain] o.s.b.w.embedded.tomcat.TomcatWebServer  : Tomcat started on port(s): 8080 (http) with context path ''
2019-12-25 16:17:47.187  INFO 4954 --- [restartedMain] com.maxi.crud.CrudApplication            : Started CrudApplication in 4.55 seconds (JVM running for 5.118)
2019-12-25 16:17:52.146  INFO 4954 --- [http-nio-8080-exec-1] o.a.c.c.C.[Tomcat].[localhost].[/]       : Initializing Spring DispatcherServlet 'dispatcherServlet'
2019-12-25 16:17:52.147  INFO 4954 --- [http-nio-8080-exec-1] o.s.web.servlet.DispatcherServlet        : Initializing Servlet 'dispatcherServlet'
2019-12-25 16:17:52.156  INFO 4954 --- [http-nio-8080-exec-1] o.s.web.servlet.DispatcherServlet        : Completed initialization in 9 ms
2019-12-25 16:18:05.070  INFO 4954 --- [SpringContextShutdownHook] o.s.s.concurrent.ThreadPoolTaskExecutor  : Shutting down ExecutorService 'applicationTaskExecutor'
2019-12-25 16:18:05.073  INFO 4954 --- [SpringContextShutdownHook] j.LocalContainerEntityManagerFactoryBean : Closing JPA EntityManagerFactory for persistence unit 'default'
2019-12-25 16:18:05.077  INFO 4954 --- [SpringContextShutdownHook] com.zaxxer.hikari.HikariDataSource       : HikariPool-1 - Shutdown initiated...
2019-12-25 16:18:05.085  INFO 4954 --- [SpringContextShutdownHook] com.zaxxer.hikari.HikariDataSource       : HikariPool-1 - Shutdown completed.
2019-12-25 16:18:08.123  INFO 4972 --- [restartedMain] com.maxi.crud.CrudApplication            : Starting CrudApplication on Maximilianos-MacBook-Pro.local with PID 4972 (/Users/maxi/Documents/Projects/crud/crud/target/classes started by maxi in /Users/maxi/Documents/Projects/crud/crud)
2019-12-25 16:18:08.126  INFO 4972 --- [restartedMain] com.maxi.crud.CrudApplication            : No active profile set, falling back to default profiles: default
2019-12-25 16:18:08.182  INFO 4972 --- [restartedMain] o.s.b.devtools.restart.ChangeableUrls    : The Class-Path manifest attribute in /Users/maxi/.m2/repository/org/glassfish/jaxb/jaxb-runtime/2.3.2/jaxb-runtime-2.3.2.jar referenced one or more files that do not exist: file:/Users/maxi/.m2/repository/org/glassfish/jaxb/jaxb-runtime/2.3.2/jakarta.xml.bind-api-2.3.2.jar,file:/Users/maxi/.m2/repository/org/glassfish/jaxb/jaxb-runtime/2.3.2/txw2-2.3.2.jar,file:/Users/maxi/.m2/repository/org/glassfish/jaxb/jaxb-runtime/2.3.2/istack-commons-runtime-3.0.8.jar,file:/Users/maxi/.m2/repository/org/glassfish/jaxb/jaxb-runtime/2.3.2/stax-ex-1.8.1.jar,file:/Users/maxi/.m2/repository/org/glassfish/jaxb/jaxb-runtime/2.3.2/FastInfoset-1.2.16.jar,file:/Users/maxi/.m2/repository/org/glassfish/jaxb/jaxb-runtime/2.3.2/jakarta.activation-api-1.2.1.jar
2019-12-25 16:18:08.182  INFO 4972 --- [restartedMain] .e.DevToolsPropertyDefaultsPostProcessor : Devtools property defaults active! Set 'spring.devtools.add-properties' to 'false' to disable
2019-12-25 16:18:08.183  INFO 4972 --- [restartedMain] .e.DevToolsPropertyDefaultsPostProcessor : For additional web related logging consider setting the 'logging.level.web' property to 'DEBUG'
2019-12-25 16:18:09.133  INFO 4972 --- [restartedMain] .s.d.r.c.RepositoryConfigurationDelegate : Bootstrapping Spring Data JPA repositories in DEFAULT mode.
2019-12-25 16:18:09.196  INFO 4972 --- [restartedMain] .s.d.r.c.RepositoryConfigurationDelegate : Finished Spring Data repository scanning in 56ms. Found 1 JPA repository interfaces.
2019-12-25 16:18:09.624  INFO 4972 --- [restartedMain] trationDelegate$BeanPostProcessorChecker : Bean 'org.springframework.transaction.annotation.ProxyTransactionManagementConfiguration' of type [org.springframework.transaction.annotation.ProxyTransactionManagementConfiguration] is not eligible for getting processed by all BeanPostProcessors (for example: not eligible for auto-proxying)
2019-12-25 16:18:09.877  INFO 4972 --- [restartedMain] o.s.b.w.embedded.tomcat.TomcatWebServer  : Tomcat initialized with port(s): 8080 (http)
2019-12-25 16:18:09.887  INFO 4972 --- [restartedMain] o.apache.catalina.core.StandardService   : Starting service [Tomcat]
2019-12-25 16:18:09.887  INFO 4972 --- [restartedMain] org.apache.catalina.core.StandardEngine  : Starting Servlet engine: [Apache Tomcat/9.0.29]
2019-12-25 16:18:09.969  INFO 4972 --- [restartedMain] o.a.c.c.C.[Tomcat].[localhost].[/]       : Initializing Spring embedded WebApplicationContext
2019-12-25 16:18:09.969  INFO 4972 --- [restartedMain] o.s.web.context.ContextLoader            : Root WebApplicationContext: initialization completed in 1786 ms
2019-12-25 16:18:10.365  INFO 4972 --- [restartedMain] com.zaxxer.hikari.HikariDataSource       : HikariPool-1 - Starting...
2019-12-25 16:18:10.431  INFO 4972 --- [restartedMain] com.zaxxer.hikari.HikariDataSource       : HikariPool-1 - Start completed.
2019-12-25 16:18:11.036  INFO 4972 --- [restartedMain] j.LocalContainerEntityManagerFactoryBean : Initialized JPA EntityManagerFactory for persistence unit 'default'
2019-12-25 16:18:11.051  INFO 4972 --- [restartedMain] o.s.b.d.a.OptionalLiveReloadServer       : LiveReload server is running on port 35729
2019-12-25 16:18:11.315  WARN 4972 --- [restartedMain] JpaBaseConfiguration$JpaWebConfiguration : spring.jpa.open-in-view is enabled by default. Therefore, database queries may be performed during view rendering. Explicitly configure spring.jpa.open-in-view to disable this warning
2019-12-25 16:18:11.632  INFO 4972 --- [restartedMain] pertySourcedRequestMappingHandlerMapping : Mapped URL path [/v2/api-docs] onto method [springfox.documentation.swagger2.web.Swagger2Controller#getDocumentation(String, HttpServletRequest)]
2019-12-25 16:18:11.878  INFO 4972 --- [restartedMain] o.s.s.web.DefaultSecurityFilterChain     : Creating filter chain: any request, [org.springframework.security.web.context.request.async.WebAsyncManagerIntegrationFilter@eac67b1, org.springframework.security.web.context.SecurityContextPersistenceFilter@44ccfed8, org.springframework.security.web.header.HeaderWriterFilter@4fa410c9, org.springframework.security.web.authentication.logout.LogoutFilter@7a101371, org.springframework.security.web.authentication.UsernamePasswordAuthenticationFilter@505928a5, org.springframework.security.web.savedrequest.RequestCacheAwareFilter@21998eda, org.springframework.security.web.servletapi.SecurityContextHolderAwareRequestFilter@6ace8058, org.springframework.security.web.authentication.AnonymousAuthenticationFilter@91b814a, org.springframework.security.web.session.SessionManagementFilter@7172b22b, org.springframework.security.web.access.ExceptionTranslationFilter@6cf6b30b, org.springframework.security.web.access.intercept.FilterSecurityInterceptor@639df7e9]
2019-12-25 16:18:11.986  INFO 4972 --- [restartedMain] o.s.s.concurrent.ThreadPoolTaskExecutor  : Initializing ExecutorService 'applicationTaskExecutor'
2019-12-25 16:18:12.152  INFO 4972 --- [restartedMain] d.s.w.p.DocumentationPluginsBootstrapper : Context refreshed
2019-12-25 16:18:12.164  INFO 4972 --- [restartedMain] d.s.w.p.DocumentationPluginsBootstrapper : Found 1 custom documentation plugin(s)
2019-12-25 16:18:12.199  INFO 4972 --- [restartedMain] s.d.s.w.s.ApiListingReferenceScanner     : Scanning for api listing references
2019-12-25 16:18:12.349  INFO 4972 --- [restartedMain] o.s.b.w.embedded.tomcat.TomcatWebServer  : Tomcat started on port(s): 8080 (http) with context path ''
2019-12-25 16:18:12.353  INFO 4972 --- [restartedMain] com.maxi.crud.CrudApplication            : Started CrudApplication in 4.598 seconds (JVM running for 5.189)
2019-12-25 16:18:15.576  INFO 4972 --- [http-nio-8080-exec-1] o.a.c.c.C.[Tomcat].[localhost].[/]       : Initializing Spring DispatcherServlet 'dispatcherServlet'
2019-12-25 16:18:15.577  INFO 4972 --- [http-nio-8080-exec-1] o.s.web.servlet.DispatcherServlet        : Initializing Servlet 'dispatcherServlet'
2019-12-25 16:18:15.585  INFO 4972 --- [http-nio-8080-exec-1] o.s.web.servlet.DispatcherServlet        : Completed initialization in 8 ms
2019-12-25 16:18:27.503  INFO 4972 --- [SpringContextShutdownHook] o.s.s.concurrent.ThreadPoolTaskExecutor  : Shutting down ExecutorService 'applicationTaskExecutor'
2019-12-25 16:18:27.506  INFO 4972 --- [SpringContextShutdownHook] j.LocalContainerEntityManagerFactoryBean : Closing JPA EntityManagerFactory for persistence unit 'default'
2019-12-25 16:18:27.511  INFO 4972 --- [SpringContextShutdownHook] com.zaxxer.hikari.HikariDataSource       : HikariPool-1 - Shutdown initiated...
2019-12-25 16:18:27.517  INFO 4972 --- [SpringContextShutdownHook] com.zaxxer.hikari.HikariDataSource       : HikariPool-1 - Shutdown completed.
2019-12-25 16:47:37.065  INFO 5059 --- [restartedMain] com.maxi.crud.CrudApplication            : Starting CrudApplication on Maximilianos-MacBook-Pro.local with PID 5059 (/Users/maxi/Documents/Projects/crud/crud/target/classes started by maxi in /Users/maxi/Documents/Projects/crud/crud)
2019-12-25 16:47:37.070  INFO 5059 --- [restartedMain] com.maxi.crud.CrudApplication            : No active profile set, falling back to default profiles: default
2019-12-25 16:47:37.138  INFO 5059 --- [restartedMain] o.s.b.devtools.restart.ChangeableUrls    : The Class-Path manifest attribute in /Users/maxi/.m2/repository/org/glassfish/jaxb/jaxb-runtime/2.3.2/jaxb-runtime-2.3.2.jar referenced one or more files that do not exist: file:/Users/maxi/.m2/repository/org/glassfish/jaxb/jaxb-runtime/2.3.2/jakarta.xml.bind-api-2.3.2.jar,file:/Users/maxi/.m2/repository/org/glassfish/jaxb/jaxb-runtime/2.3.2/txw2-2.3.2.jar,file:/Users/maxi/.m2/repository/org/glassfish/jaxb/jaxb-runtime/2.3.2/istack-commons-runtime-3.0.8.jar,file:/Users/maxi/.m2/repository/org/glassfish/jaxb/jaxb-runtime/2.3.2/stax-ex-1.8.1.jar,file:/Users/maxi/.m2/repository/org/glassfish/jaxb/jaxb-runtime/2.3.2/FastInfoset-1.2.16.jar,file:/Users/maxi/.m2/repository/org/glassfish/jaxb/jaxb-runtime/2.3.2/jakarta.activation-api-1.2.1.jar
2019-12-25 16:47:37.138  INFO 5059 --- [restartedMain] .e.DevToolsPropertyDefaultsPostProcessor : Devtools property defaults active! Set 'spring.devtools.add-properties' to 'false' to disable
2019-12-25 16:47:37.138  INFO 5059 --- [restartedMain] .e.DevToolsPropertyDefaultsPostProcessor : For additional web related logging consider setting the 'logging.level.web' property to 'DEBUG'
2019-12-25 16:47:38.007  INFO 5059 --- [restartedMain] .s.d.r.c.RepositoryConfigurationDelegate : Bootstrapping Spring Data JPA repositories in DEFAULT mode.
2019-12-25 16:47:38.060  INFO 5059 --- [restartedMain] .s.d.r.c.RepositoryConfigurationDelegate : Finished Spring Data repository scanning in 45ms. Found 1 JPA repository interfaces.
2019-12-25 16:47:38.448  INFO 5059 --- [restartedMain] trationDelegate$BeanPostProcessorChecker : Bean 'org.springframework.transaction.annotation.ProxyTransactionManagementConfiguration' of type [org.springframework.transaction.annotation.ProxyTransactionManagementConfiguration] is not eligible for getting processed by all BeanPostProcessors (for example: not eligible for auto-proxying)
2019-12-25 16:47:38.704  INFO 5059 --- [restartedMain] o.s.b.w.embedded.tomcat.TomcatWebServer  : Tomcat initialized with port(s): 8080 (http)
2019-12-25 16:47:38.714  INFO 5059 --- [restartedMain] o.apache.catalina.core.StandardService   : Starting service [Tomcat]
2019-12-25 16:47:38.714  INFO 5059 --- [restartedMain] org.apache.catalina.core.StandardEngine  : Starting Servlet engine: [Apache Tomcat/9.0.29]
2019-12-25 16:47:38.790  INFO 5059 --- [restartedMain] o.a.c.c.C.[Tomcat].[localhost].[/]       : Initializing Spring embedded WebApplicationContext
2019-12-25 16:47:38.790  INFO 5059 --- [restartedMain] o.s.web.context.ContextLoader            : Root WebApplicationContext: initialization completed in 1651 ms
2019-12-25 16:47:39.192  INFO 5059 --- [restartedMain] com.zaxxer.hikari.HikariDataSource       : HikariPool-1 - Starting...
2019-12-25 16:47:39.259  INFO 5059 --- [restartedMain] com.zaxxer.hikari.HikariDataSource       : HikariPool-1 - Start completed.
2019-12-25 16:47:39.847  INFO 5059 --- [restartedMain] j.LocalContainerEntityManagerFactoryBean : Initialized JPA EntityManagerFactory for persistence unit 'default'
2019-12-25 16:47:39.861  INFO 5059 --- [restartedMain] o.s.b.d.a.OptionalLiveReloadServer       : LiveReload server is running on port 35729
2019-12-25 16:47:40.129  WARN 5059 --- [restartedMain] JpaBaseConfiguration$JpaWebConfiguration : spring.jpa.open-in-view is enabled by default. Therefore, database queries may be performed during view rendering. Explicitly configure spring.jpa.open-in-view to disable this warning
2019-12-25 16:47:40.445  INFO 5059 --- [restartedMain] pertySourcedRequestMappingHandlerMapping : Mapped URL path [/v2/api-docs] onto method [springfox.documentation.swagger2.web.Swagger2Controller#getDocumentation(String, HttpServletRequest)]
2019-12-25 16:47:40.691  INFO 5059 --- [restartedMain] o.s.s.web.DefaultSecurityFilterChain     : Creating filter chain: any request, [org.springframework.security.web.context.request.async.WebAsyncManagerIntegrationFilter@208899fb, org.springframework.security.web.context.SecurityContextPersistenceFilter@6ebf8639, org.springframework.security.web.header.HeaderWriterFilter@147cbaed, org.springframework.security.web.authentication.logout.LogoutFilter@1e0afd37, org.springframework.security.web.authentication.UsernamePasswordAuthenticationFilter@7fc749af, org.springframework.security.web.savedrequest.RequestCacheAwareFilter@2b7e89a1, org.springframework.security.web.servletapi.SecurityContextHolderAwareRequestFilter@c68a889, org.springframework.security.web.authentication.AnonymousAuthenticationFilter@ff8168b, org.springframework.security.web.session.SessionManagementFilter@5dad36da, org.springframework.security.web.access.ExceptionTranslationFilter@6b9c579f, org.springframework.security.web.access.intercept.FilterSecurityInterceptor@18f2e17e]
2019-12-25 16:47:40.794  INFO 5059 --- [restartedMain] o.s.s.concurrent.ThreadPoolTaskExecutor  : Initializing ExecutorService 'applicationTaskExecutor'
2019-12-25 16:47:40.943  INFO 5059 --- [restartedMain] d.s.w.p.DocumentationPluginsBootstrapper : Context refreshed
2019-12-25 16:47:40.955  INFO 5059 --- [restartedMain] d.s.w.p.DocumentationPluginsBootstrapper : Found 1 custom documentation plugin(s)
2019-12-25 16:47:40.981  INFO 5059 --- [restartedMain] s.d.s.w.s.ApiListingReferenceScanner     : Scanning for api listing references
2019-12-25 16:47:41.128  INFO 5059 --- [restartedMain] o.s.b.w.embedded.tomcat.TomcatWebServer  : Tomcat started on port(s): 8080 (http) with context path ''
2019-12-25 16:47:41.131  INFO 5059 --- [restartedMain] com.maxi.crud.CrudApplication            : Started CrudApplication in 4.666 seconds (JVM running for 5.211)
2019-12-25 16:48:10.929  INFO 5059 --- [http-nio-8080-exec-1] o.a.c.c.C.[Tomcat].[localhost].[/]       : Initializing Spring DispatcherServlet 'dispatcherServlet'
2019-12-25 16:48:10.930  INFO 5059 --- [http-nio-8080-exec-1] o.s.web.servlet.DispatcherServlet        : Initializing Servlet 'dispatcherServlet'
2019-12-25 16:48:10.940  INFO 5059 --- [http-nio-8080-exec-1] o.s.web.servlet.DispatcherServlet        : Completed initialization in 10 ms
2019-12-25 16:50:22.138  INFO 5059 --- [SpringContextShutdownHook] o.s.s.concurrent.ThreadPoolTaskExecutor  : Shutting down ExecutorService 'applicationTaskExecutor'
2019-12-25 16:50:22.142  INFO 5059 --- [SpringContextShutdownHook] j.LocalContainerEntityManagerFactoryBean : Closing JPA EntityManagerFactory for persistence unit 'default'
2019-12-25 16:50:22.148  INFO 5059 --- [SpringContextShutdownHook] com.zaxxer.hikari.HikariDataSource       : HikariPool-1 - Shutdown initiated...
2019-12-25 16:50:22.152  INFO 5059 --- [SpringContextShutdownHook] com.zaxxer.hikari.HikariDataSource       : HikariPool-1 - Shutdown completed.
2019-12-25 16:51:12.955  INFO 5106 --- [restartedMain] com.maxi.crud.CrudApplication            : Starting CrudApplication on Maximilianos-MacBook-Pro.local with PID 5106 (/Users/maxi/Documents/Projects/crud/crud/target/classes started by maxi in /Users/maxi/Documents/Projects/crud/crud)
2019-12-25 16:51:12.958  INFO 5106 --- [restartedMain] com.maxi.crud.CrudApplication            : No active profile set, falling back to default profiles: default
2019-12-25 16:51:13.002  INFO 5106 --- [restartedMain] o.s.b.devtools.restart.ChangeableUrls    : The Class-Path manifest attribute in /Users/maxi/.m2/repository/org/glassfish/jaxb/jaxb-runtime/2.3.2/jaxb-runtime-2.3.2.jar referenced one or more files that do not exist: file:/Users/maxi/.m2/repository/org/glassfish/jaxb/jaxb-runtime/2.3.2/jakarta.xml.bind-api-2.3.2.jar,file:/Users/maxi/.m2/repository/org/glassfish/jaxb/jaxb-runtime/2.3.2/txw2-2.3.2.jar,file:/Users/maxi/.m2/repository/org/glassfish/jaxb/jaxb-runtime/2.3.2/istack-commons-runtime-3.0.8.jar,file:/Users/maxi/.m2/repository/org/glassfish/jaxb/jaxb-runtime/2.3.2/stax-ex-1.8.1.jar,file:/Users/maxi/.m2/repository/org/glassfish/jaxb/jaxb-runtime/2.3.2/FastInfoset-1.2.16.jar,file:/Users/maxi/.m2/repository/org/glassfish/jaxb/jaxb-runtime/2.3.2/jakarta.activation-api-1.2.1.jar
2019-12-25 16:51:13.003  INFO 5106 --- [restartedMain] .e.DevToolsPropertyDefaultsPostProcessor : Devtools property defaults active! Set 'spring.devtools.add-properties' to 'false' to disable
2019-12-25 16:51:13.003  INFO 5106 --- [restartedMain] .e.DevToolsPropertyDefaultsPostProcessor : For additional web related logging consider setting the 'logging.level.web' property to 'DEBUG'
2019-12-25 16:51:13.953  INFO 5106 --- [restartedMain] .s.d.r.c.RepositoryConfigurationDelegate : Bootstrapping Spring Data JPA repositories in DEFAULT mode.
2019-12-25 16:51:14.012  INFO 5106 --- [restartedMain] .s.d.r.c.RepositoryConfigurationDelegate : Finished Spring Data repository scanning in 47ms. Found 1 JPA repository interfaces.
2019-12-25 16:51:14.426  INFO 5106 --- [restartedMain] trationDelegate$BeanPostProcessorChecker : Bean 'org.springframework.transaction.annotation.ProxyTransactionManagementConfiguration' of type [org.springframework.transaction.annotation.ProxyTransactionManagementConfiguration] is not eligible for getting processed by all BeanPostProcessors (for example: not eligible for auto-proxying)
2019-12-25 16:51:14.691  INFO 5106 --- [restartedMain] o.s.b.w.embedded.tomcat.TomcatWebServer  : Tomcat initialized with port(s): 8080 (http)
2019-12-25 16:51:14.701  INFO 5106 --- [restartedMain] o.apache.catalina.core.StandardService   : Starting service [Tomcat]
2019-12-25 16:51:14.702  INFO 5106 --- [restartedMain] org.apache.catalina.core.StandardEngine  : Starting Servlet engine: [Apache Tomcat/9.0.29]
2019-12-25 16:51:14.791  INFO 5106 --- [restartedMain] o.a.c.c.C.[Tomcat].[localhost].[/]       : Initializing Spring embedded WebApplicationContext
2019-12-25 16:51:14.792  INFO 5106 --- [restartedMain] o.s.web.context.ContextLoader            : Root WebApplicationContext: initialization completed in 1788 ms
2019-12-25 16:51:15.246  INFO 5106 --- [restartedMain] com.zaxxer.hikari.HikariDataSource       : HikariPool-1 - Starting...
2019-12-25 16:51:15.320  INFO 5106 --- [restartedMain] com.zaxxer.hikari.HikariDataSource       : HikariPool-1 - Start completed.
2019-12-25 16:51:15.981  INFO 5106 --- [restartedMain] j.LocalContainerEntityManagerFactoryBean : Initialized JPA EntityManagerFactory for persistence unit 'default'
2019-12-25 16:51:15.995  INFO 5106 --- [restartedMain] o.s.b.d.a.OptionalLiveReloadServer       : LiveReload server is running on port 35729
2019-12-25 16:51:16.271  WARN 5106 --- [restartedMain] JpaBaseConfiguration$JpaWebConfiguration : spring.jpa.open-in-view is enabled by default. Therefore, database queries may be performed during view rendering. Explicitly configure spring.jpa.open-in-view to disable this warning
2019-12-25 16:51:16.592  INFO 5106 --- [restartedMain] pertySourcedRequestMappingHandlerMapping : Mapped URL path [/v2/api-docs] onto method [springfox.documentation.swagger2.web.Swagger2Controller#getDocumentation(String, HttpServletRequest)]
2019-12-25 16:51:16.847  INFO 5106 --- [restartedMain] o.s.s.web.DefaultSecurityFilterChain     : Creating filter chain: any request, [org.springframework.security.web.context.request.async.WebAsyncManagerIntegrationFilter@33b43c14, org.springframework.security.web.context.SecurityContextPersistenceFilter@759938fa, org.springframework.security.web.header.HeaderWriterFilter@a65174b, org.springframework.security.web.authentication.logout.LogoutFilter@3ef2de8c, org.springframework.security.web.authentication.UsernamePasswordAuthenticationFilter@4389431b, org.springframework.security.web.savedrequest.RequestCacheAwareFilter@68ca3a8f, org.springframework.security.web.servletapi.SecurityContextHolderAwareRequestFilter@7e4a09a6, org.springframework.security.web.authentication.AnonymousAuthenticationFilter@18329961, org.springframework.security.web.session.SessionManagementFilter@55a5c5ef, org.springframework.security.web.access.ExceptionTranslationFilter@7e5e58ea, org.springframework.security.web.access.intercept.FilterSecurityInterceptor@14e67489]
2019-12-25 16:51:16.959  INFO 5106 --- [restartedMain] o.s.s.concurrent.ThreadPoolTaskExecutor  : Initializing ExecutorService 'applicationTaskExecutor'
2019-12-25 16:51:17.125  INFO 5106 --- [restartedMain] d.s.w.p.DocumentationPluginsBootstrapper : Context refreshed
2019-12-25 16:51:17.139  INFO 5106 --- [restartedMain] d.s.w.p.DocumentationPluginsBootstrapper : Found 1 custom documentation plugin(s)
2019-12-25 16:51:17.168  INFO 5106 --- [restartedMain] s.d.s.w.s.ApiListingReferenceScanner     : Scanning for api listing references
2019-12-25 16:51:17.326  INFO 5106 --- [restartedMain] o.s.b.w.embedded.tomcat.TomcatWebServer  : Tomcat started on port(s): 8080 (http) with context path ''
2019-12-25 16:51:17.330  INFO 5106 --- [restartedMain] com.maxi.crud.CrudApplication            : Started CrudApplication in 4.948 seconds (JVM running for 5.507)
2019-12-25 16:51:44.201  INFO 5106 --- [http-nio-8080-exec-1] o.a.c.c.C.[Tomcat].[localhost].[/]       : Initializing Spring DispatcherServlet 'dispatcherServlet'
2019-12-25 16:51:44.202  INFO 5106 --- [http-nio-8080-exec-1] o.s.web.servlet.DispatcherServlet        : Initializing Servlet 'dispatcherServlet'
2019-12-25 16:51:44.210  INFO 5106 --- [http-nio-8080-exec-1] o.s.web.servlet.DispatcherServlet        : Completed initialization in 8 ms
2019-12-25 16:52:02.057  INFO 5106 --- [SpringContextShutdownHook] o.s.s.concurrent.ThreadPoolTaskExecutor  : Shutting down ExecutorService 'applicationTaskExecutor'
2019-12-25 16:52:02.061  INFO 5106 --- [SpringContextShutdownHook] j.LocalContainerEntityManagerFactoryBean : Closing JPA EntityManagerFactory for persistence unit 'default'
2019-12-25 16:52:02.065  INFO 5106 --- [SpringContextShutdownHook] com.zaxxer.hikari.HikariDataSource       : HikariPool-1 - Shutdown initiated...
2019-12-25 16:52:02.072  INFO 5106 --- [SpringContextShutdownHook] com.zaxxer.hikari.HikariDataSource       : HikariPool-1 - Shutdown completed.
2019-12-25 16:55:57.376  INFO 5152 --- [restartedMain] com.maxi.crud.CrudApplication            : Starting CrudApplication on Maximilianos-MacBook-Pro.local with PID 5152 (/Users/maxi/Documents/Projects/crud/crud/target/classes started by maxi in /Users/maxi/Documents/Projects/crud/crud)
2019-12-25 16:55:57.379  INFO 5152 --- [restartedMain] com.maxi.crud.CrudApplication            : No active profile set, falling back to default profiles: default
2019-12-25 16:55:57.429  INFO 5152 --- [restartedMain] o.s.b.devtools.restart.ChangeableUrls    : The Class-Path manifest attribute in /Users/maxi/.m2/repository/org/glassfish/jaxb/jaxb-runtime/2.3.2/jaxb-runtime-2.3.2.jar referenced one or more files that do not exist: file:/Users/maxi/.m2/repository/org/glassfish/jaxb/jaxb-runtime/2.3.2/jakarta.xml.bind-api-2.3.2.jar,file:/Users/maxi/.m2/repository/org/glassfish/jaxb/jaxb-runtime/2.3.2/txw2-2.3.2.jar,file:/Users/maxi/.m2/repository/org/glassfish/jaxb/jaxb-runtime/2.3.2/istack-commons-runtime-3.0.8.jar,file:/Users/maxi/.m2/repository/org/glassfish/jaxb/jaxb-runtime/2.3.2/stax-ex-1.8.1.jar,file:/Users/maxi/.m2/repository/org/glassfish/jaxb/jaxb-runtime/2.3.2/FastInfoset-1.2.16.jar,file:/Users/maxi/.m2/repository/org/glassfish/jaxb/jaxb-runtime/2.3.2/jakarta.activation-api-1.2.1.jar
2019-12-25 16:55:57.429  INFO 5152 --- [restartedMain] .e.DevToolsPropertyDefaultsPostProcessor : Devtools property defaults active! Set 'spring.devtools.add-properties' to 'false' to disable
2019-12-25 16:55:57.430  INFO 5152 --- [restartedMain] .e.DevToolsPropertyDefaultsPostProcessor : For additional web related logging consider setting the 'logging.level.web' property to 'DEBUG'
2019-12-25 16:55:58.351  INFO 5152 --- [restartedMain] .s.d.r.c.RepositoryConfigurationDelegate : Bootstrapping Spring Data JPA repositories in DEFAULT mode.
2019-12-25 16:55:58.406  INFO 5152 --- [restartedMain] .s.d.r.c.RepositoryConfigurationDelegate : Finished Spring Data repository scanning in 47ms. Found 1 JPA repository interfaces.
2019-12-25 16:55:58.783  INFO 5152 --- [restartedMain] trationDelegate$BeanPostProcessorChecker : Bean 'org.springframework.transaction.annotation.ProxyTransactionManagementConfiguration' of type [org.springframework.transaction.annotation.ProxyTransactionManagementConfiguration] is not eligible for getting processed by all BeanPostProcessors (for example: not eligible for auto-proxying)
2019-12-25 16:55:59.031  INFO 5152 --- [restartedMain] o.s.b.w.embedded.tomcat.TomcatWebServer  : Tomcat initialized with port(s): 8080 (http)
2019-12-25 16:55:59.041  INFO 5152 --- [restartedMain] o.apache.catalina.core.StandardService   : Starting service [Tomcat]
2019-12-25 16:55:59.041  INFO 5152 --- [restartedMain] org.apache.catalina.core.StandardEngine  : Starting Servlet engine: [Apache Tomcat/9.0.29]
2019-12-25 16:55:59.131  INFO 5152 --- [restartedMain] o.a.c.c.C.[Tomcat].[localhost].[/]       : Initializing Spring embedded WebApplicationContext
2019-12-25 16:55:59.131  INFO 5152 --- [restartedMain] o.s.web.context.ContextLoader            : Root WebApplicationContext: initialization completed in 1701 ms
2019-12-25 16:55:59.513  INFO 5152 --- [restartedMain] com.zaxxer.hikari.HikariDataSource       : HikariPool-1 - Starting...
2019-12-25 16:55:59.578  INFO 5152 --- [restartedMain] com.zaxxer.hikari.HikariDataSource       : HikariPool-1 - Start completed.
2019-12-25 16:56:00.164  INFO 5152 --- [restartedMain] j.LocalContainerEntityManagerFactoryBean : Initialized JPA EntityManagerFactory for persistence unit 'default'
2019-12-25 16:56:00.179  INFO 5152 --- [restartedMain] o.s.b.d.a.OptionalLiveReloadServer       : LiveReload server is running on port 35729
2019-12-25 16:56:00.444  WARN 5152 --- [restartedMain] JpaBaseConfiguration$JpaWebConfiguration : spring.jpa.open-in-view is enabled by default. Therefore, database queries may be performed during view rendering. Explicitly configure spring.jpa.open-in-view to disable this warning
2019-12-25 16:56:00.754  INFO 5152 --- [restartedMain] pertySourcedRequestMappingHandlerMapping : Mapped URL path [/v2/api-docs] onto method [springfox.documentation.swagger2.web.Swagger2Controller#getDocumentation(String, HttpServletRequest)]
2019-12-25 16:56:01.001  INFO 5152 --- [restartedMain] o.s.s.web.DefaultSecurityFilterChain     : Creating filter chain: any request, [org.springframework.security.web.context.request.async.WebAsyncManagerIntegrationFilter@47c03a1e, org.springframework.security.web.context.SecurityContextPersistenceFilter@2f0fd98b, org.springframework.security.web.header.HeaderWriterFilter@49149ef6, org.springframework.security.web.authentication.logout.LogoutFilter@28be6d6d, org.springframework.security.web.authentication.UsernamePasswordAuthenticationFilter@7892e7cb, org.springframework.security.web.savedrequest.RequestCacheAwareFilter@68033d61, org.springframework.security.web.servletapi.SecurityContextHolderAwareRequestFilter@bc8b158, org.springframework.security.web.authentication.AnonymousAuthenticationFilter@1ffb18c2, org.springframework.security.web.session.SessionManagementFilter@349294c4, org.springframework.security.web.access.ExceptionTranslationFilter@390925ff, org.springframework.security.web.access.intercept.FilterSecurityInterceptor@4cbe2f0d]
2019-12-25 16:56:01.105  INFO 5152 --- [restartedMain] o.s.s.concurrent.ThreadPoolTaskExecutor  : Initializing ExecutorService 'applicationTaskExecutor'
2019-12-25 16:56:01.258  INFO 5152 --- [restartedMain] d.s.w.p.DocumentationPluginsBootstrapper : Context refreshed
2019-12-25 16:56:01.270  INFO 5152 --- [restartedMain] d.s.w.p.DocumentationPluginsBootstrapper : Found 1 custom documentation plugin(s)
2019-12-25 16:56:01.300  INFO 5152 --- [restartedMain] s.d.s.w.s.ApiListingReferenceScanner     : Scanning for api listing references
2019-12-25 16:56:01.455  INFO 5152 --- [restartedMain] o.s.b.w.embedded.tomcat.TomcatWebServer  : Tomcat started on port(s): 8080 (http) with context path ''
2019-12-25 16:56:01.458  INFO 5152 --- [restartedMain] com.maxi.crud.CrudApplication            : Started CrudApplication in 4.637 seconds (JVM running for 5.193)
2019-12-25 16:56:28.251  INFO 5152 --- [http-nio-8080-exec-1] o.a.c.c.C.[Tomcat].[localhost].[/]       : Initializing Spring DispatcherServlet 'dispatcherServlet'
2019-12-25 16:56:28.252  INFO 5152 --- [http-nio-8080-exec-1] o.s.web.servlet.DispatcherServlet        : Initializing Servlet 'dispatcherServlet'
2019-12-25 16:56:28.259  INFO 5152 --- [http-nio-8080-exec-1] o.s.web.servlet.DispatcherServlet        : Completed initialization in 7 ms
2019-12-25 16:56:42.764  INFO 5152 --- [SpringContextShutdownHook] o.s.s.concurrent.ThreadPoolTaskExecutor  : Shutting down ExecutorService 'applicationTaskExecutor'
2019-12-25 16:56:42.771  INFO 5152 --- [SpringContextShutdownHook] j.LocalContainerEntityManagerFactoryBean : Closing JPA EntityManagerFactory for persistence unit 'default'
2019-12-25 16:56:42.780  INFO 5152 --- [SpringContextShutdownHook] com.zaxxer.hikari.HikariDataSource       : HikariPool-1 - Shutdown initiated...
2019-12-25 16:56:42.789  INFO 5152 --- [SpringContextShutdownHook] com.zaxxer.hikari.HikariDataSource       : HikariPool-1 - Shutdown completed.
2019-12-25 16:57:09.981  INFO 5187 --- [main] com.maxi.crud.CrudApplicationTests       : Starting CrudApplicationTests on Maximilianos-MacBook-Pro.local with PID 5187 (started by maxi in /Users/maxi/Documents/Projects/crud/crud)
2019-12-25 16:57:09.983  INFO 5187 --- [main] com.maxi.crud.CrudApplicationTests       : No active profile set, falling back to default profiles: default
2019-12-25 16:57:10.874  INFO 5187 --- [main] .s.d.r.c.RepositoryConfigurationDelegate : Bootstrapping Spring Data JPA repositories in DEFAULT mode.
2019-12-25 16:57:10.929  INFO 5187 --- [main] .s.d.r.c.RepositoryConfigurationDelegate : Finished Spring Data repository scanning in 46ms. Found 1 JPA repository interfaces.
2019-12-25 16:57:11.318  INFO 5187 --- [main] trationDelegate$BeanPostProcessorChecker : Bean 'org.springframework.transaction.annotation.ProxyTransactionManagementConfiguration' of type [org.springframework.transaction.annotation.ProxyTransactionManagementConfiguration] is not eligible for getting processed by all BeanPostProcessors (for example: not eligible for auto-proxying)
2019-12-25 16:57:11.751  INFO 5187 --- [main] com.zaxxer.hikari.HikariDataSource       : HikariPool-1 - Starting...
2019-12-25 16:57:11.825  INFO 5187 --- [main] com.zaxxer.hikari.HikariDataSource       : HikariPool-1 - Start completed.
2019-12-25 16:57:12.451  INFO 5187 --- [main] j.LocalContainerEntityManagerFactoryBean : Initialized JPA EntityManagerFactory for persistence unit 'default'
2019-12-25 16:57:12.741  WARN 5187 --- [main] JpaBaseConfiguration$JpaWebConfiguration : spring.jpa.open-in-view is enabled by default. Therefore, database queries may be performed during view rendering. Explicitly configure spring.jpa.open-in-view to disable this warning
2019-12-25 16:57:13.216  INFO 5187 --- [main] pertySourcedRequestMappingHandlerMapping : Mapped URL path [/v2/api-docs] onto method [springfox.documentation.swagger2.web.Swagger2Controller#getDocumentation(String, HttpServletRequest)]
2019-12-25 16:57:13.533  INFO 5187 --- [main] o.s.s.web.DefaultSecurityFilterChain     : Creating filter chain: any request, [org.springframework.security.web.context.request.async.WebAsyncManagerIntegrationFilter@77604a86, org.springframework.security.web.context.SecurityContextPersistenceFilter@3f0b5619, org.springframework.security.web.header.HeaderWriterFilter@296949c8, org.springframework.security.web.authentication.logout.LogoutFilter@29ddaa8e, org.springframework.security.web.authentication.UsernamePasswordAuthenticationFilter@225fb75e, org.springframework.security.web.authentication.ui.DefaultLoginPageGeneratingFilter@325236f5, org.springframework.security.web.authentication.ui.DefaultLogoutPageGeneratingFilter@63fde7ca, org.springframework.security.web.savedrequest.RequestCacheAwareFilter@7a79d99c, org.springframework.security.web.servletapi.SecurityContextHolderAwareRequestFilter@dc3eda6, org.springframework.security.web.authentication.AnonymousAuthenticationFilter@3a6409ec, org.springframework.security.web.session.SessionManagementFilter@729d1428, org.springframework.security.web.access.ExceptionTranslationFilter@dd3e1e3, org.springframework.security.web.access.intercept.FilterSecurityInterceptor@4144d4a]
2019-12-25 16:57:13.800  INFO 5187 --- [main] o.s.s.concurrent.ThreadPoolTaskExecutor  : Initializing ExecutorService 'applicationTaskExecutor'
2019-12-25 16:57:14.073  INFO 5187 --- [main] d.s.w.p.DocumentationPluginsBootstrapper : Context refreshed
2019-12-25 16:57:14.086  INFO 5187 --- [main] d.s.w.p.DocumentationPluginsBootstrapper : Found 1 custom documentation plugin(s)
2019-12-25 16:57:14.115  INFO 5187 --- [main] s.d.s.w.s.ApiListingReferenceScanner     : Scanning for api listing references
2019-12-25 16:57:14.255  INFO 5187 --- [main] com.maxi.crud.CrudApplicationTests       : Started CrudApplicationTests in 4.547 seconds (JVM running for 5.479)
2019-12-25 16:57:14.394  INFO 5187 --- [SpringContextShutdownHook] o.s.s.concurrent.ThreadPoolTaskExecutor  : Shutting down ExecutorService 'applicationTaskExecutor'
2019-12-25 16:57:14.397  INFO 5187 --- [SpringContextShutdownHook] j.LocalContainerEntityManagerFactoryBean : Closing JPA EntityManagerFactory for persistence unit 'default'
2019-12-25 16:57:14.400  INFO 5187 --- [SpringContextShutdownHook] com.zaxxer.hikari.HikariDataSource       : HikariPool-1 - Shutdown initiated...
2019-12-25 16:57:14.406  INFO 5187 --- [SpringContextShutdownHook] com.zaxxer.hikari.HikariDataSource       : HikariPool-1 - Shutdown completed.
2019-12-25 16:57:25.779  INFO 5204 --- [restartedMain] com.maxi.crud.CrudApplication            : Starting CrudApplication on Maximilianos-MacBook-Pro.local with PID 5204 (/Users/maxi/Documents/Projects/crud/crud/target/classes started by maxi in /Users/maxi/Documents/Projects/crud/crud)
2019-12-25 16:57:25.783  INFO 5204 --- [restartedMain] com.maxi.crud.CrudApplication            : No active profile set, falling back to default profiles: default
2019-12-25 16:57:25.850  INFO 5204 --- [restartedMain] o.s.b.devtools.restart.ChangeableUrls    : The Class-Path manifest attribute in /Users/maxi/.m2/repository/org/glassfish/jaxb/jaxb-runtime/2.3.2/jaxb-runtime-2.3.2.jar referenced one or more files that do not exist: file:/Users/maxi/.m2/repository/org/glassfish/jaxb/jaxb-runtime/2.3.2/jakarta.xml.bind-api-2.3.2.jar,file:/Users/maxi/.m2/repository/org/glassfish/jaxb/jaxb-runtime/2.3.2/txw2-2.3.2.jar,file:/Users/maxi/.m2/repository/org/glassfish/jaxb/jaxb-runtime/2.3.2/istack-commons-runtime-3.0.8.jar,file:/Users/maxi/.m2/repository/org/glassfish/jaxb/jaxb-runtime/2.3.2/stax-ex-1.8.1.jar,file:/Users/maxi/.m2/repository/org/glassfish/jaxb/jaxb-runtime/2.3.2/FastInfoset-1.2.16.jar,file:/Users/maxi/.m2/repository/org/glassfish/jaxb/jaxb-runtime/2.3.2/jakarta.activation-api-1.2.1.jar
2019-12-25 16:57:25.851  INFO 5204 --- [restartedMain] .e.DevToolsPropertyDefaultsPostProcessor : Devtools property defaults active! Set 'spring.devtools.add-properties' to 'false' to disable
2019-12-25 16:57:25.851  INFO 5204 --- [restartedMain] .e.DevToolsPropertyDefaultsPostProcessor : For additional web related logging consider setting the 'logging.level.web' property to 'DEBUG'
2019-12-25 16:57:26.770  INFO 5204 --- [restartedMain] .s.d.r.c.RepositoryConfigurationDelegate : Bootstrapping Spring Data JPA repositories in DEFAULT mode.
2019-12-25 16:57:26.824  INFO 5204 --- [restartedMain] .s.d.r.c.RepositoryConfigurationDelegate : Finished Spring Data repository scanning in 46ms. Found 1 JPA repository interfaces.
2019-12-25 16:57:27.185  INFO 5204 --- [restartedMain] trationDelegate$BeanPostProcessorChecker : Bean 'org.springframework.transaction.annotation.ProxyTransactionManagementConfiguration' of type [org.springframework.transaction.annotation.ProxyTransactionManagementConfiguration] is not eligible for getting processed by all BeanPostProcessors (for example: not eligible for auto-proxying)
2019-12-25 16:57:27.462  INFO 5204 --- [restartedMain] o.s.b.w.embedded.tomcat.TomcatWebServer  : Tomcat initialized with port(s): 8080 (http)
2019-12-25 16:57:27.472  INFO 5204 --- [restartedMain] o.apache.catalina.core.StandardService   : Starting service [Tomcat]
2019-12-25 16:57:27.472  INFO 5204 --- [restartedMain] org.apache.catalina.core.StandardEngine  : Starting Servlet engine: [Apache Tomcat/9.0.29]
2019-12-25 16:57:27.567  INFO 5204 --- [restartedMain] o.a.c.c.C.[Tomcat].[localhost].[/]       : Initializing Spring embedded WebApplicationContext
2019-12-25 16:57:27.567  INFO 5204 --- [restartedMain] o.s.web.context.ContextLoader            : Root WebApplicationContext: initialization completed in 1716 ms
2019-12-25 16:57:27.953  INFO 5204 --- [restartedMain] com.zaxxer.hikari.HikariDataSource       : HikariPool-1 - Starting...
2019-12-25 16:57:28.017  INFO 5204 --- [restartedMain] com.zaxxer.hikari.HikariDataSource       : HikariPool-1 - Start completed.
2019-12-25 16:57:28.625  INFO 5204 --- [restartedMain] j.LocalContainerEntityManagerFactoryBean : Initialized JPA EntityManagerFactory for persistence unit 'default'
2019-12-25 16:57:28.639  INFO 5204 --- [restartedMain] o.s.b.d.a.OptionalLiveReloadServer       : LiveReload server is running on port 35729
2019-12-25 16:57:28.897  WARN 5204 --- [restartedMain] JpaBaseConfiguration$JpaWebConfiguration : spring.jpa.open-in-view is enabled by default. Therefore, database queries may be performed during view rendering. Explicitly configure spring.jpa.open-in-view to disable this warning
2019-12-25 16:57:29.198  INFO 5204 --- [restartedMain] pertySourcedRequestMappingHandlerMapping : Mapped URL path [/v2/api-docs] onto method [springfox.documentation.swagger2.web.Swagger2Controller#getDocumentation(String, HttpServletRequest)]
2019-12-25 16:57:29.437  INFO 5204 --- [restartedMain] o.s.s.web.DefaultSecurityFilterChain     : Creating filter chain: any request, [org.springframework.security.web.context.request.async.WebAsyncManagerIntegrationFilter@3e6e2a5b, org.springframework.security.web.context.SecurityContextPersistenceFilter@193c69de, org.springframework.security.web.header.HeaderWriterFilter@56ce0561, org.springframework.security.web.authentication.logout.LogoutFilter@51a0bfbe, org.springframework.security.web.authentication.UsernamePasswordAuthenticationFilter@b74460e, org.springframework.security.web.authentication.ui.DefaultLoginPageGeneratingFilter@724b3b28, org.springframework.security.web.authentication.ui.DefaultLogoutPageGeneratingFilter@391a810e, org.springframework.security.web.savedrequest.RequestCacheAwareFilter@eb41abc, org.springframework.security.web.servletapi.SecurityContextHolderAwareRequestFilter@7d094e8f, org.springframework.security.web.authentication.AnonymousAuthenticationFilter@3a985fba, org.springframework.security.web.session.SessionManagementFilter@76f079e9, org.springframework.security.web.access.ExceptionTranslationFilter@65b37a05, org.springframework.security.web.access.intercept.FilterSecurityInterceptor@5e29c21c]
2019-12-25 16:57:29.541  INFO 5204 --- [restartedMain] o.s.s.concurrent.ThreadPoolTaskExecutor  : Initializing ExecutorService 'applicationTaskExecutor'
2019-12-25 16:57:29.690  INFO 5204 --- [restartedMain] d.s.w.p.DocumentationPluginsBootstrapper : Context refreshed
2019-12-25 16:57:29.702  INFO 5204 --- [restartedMain] d.s.w.p.DocumentationPluginsBootstrapper : Found 1 custom documentation plugin(s)
2019-12-25 16:57:29.729  INFO 5204 --- [restartedMain] s.d.s.w.s.ApiListingReferenceScanner     : Scanning for api listing references
2019-12-25 16:57:29.880  INFO 5204 --- [restartedMain] o.s.b.w.embedded.tomcat.TomcatWebServer  : Tomcat started on port(s): 8080 (http) with context path ''
2019-12-25 16:57:29.883  INFO 5204 --- [restartedMain] com.maxi.crud.CrudApplication            : Started CrudApplication in 4.513 seconds (JVM running for 5.107)
2019-12-25 16:57:39.990  INFO 5204 --- [http-nio-8080-exec-1] o.a.c.c.C.[Tomcat].[localhost].[/]       : Initializing Spring DispatcherServlet 'dispatcherServlet'
2019-12-25 16:57:39.991  INFO 5204 --- [http-nio-8080-exec-1] o.s.web.servlet.DispatcherServlet        : Initializing Servlet 'dispatcherServlet'
2019-12-25 16:57:39.997  INFO 5204 --- [http-nio-8080-exec-1] o.s.web.servlet.DispatcherServlet        : Completed initialization in 6 ms
2019-12-25 16:58:55.228  INFO 5204 --- [SpringContextShutdownHook] o.s.s.concurrent.ThreadPoolTaskExecutor  : Shutting down ExecutorService 'applicationTaskExecutor'
2019-12-25 16:58:55.232  INFO 5204 --- [SpringContextShutdownHook] j.LocalContainerEntityManagerFactoryBean : Closing JPA EntityManagerFactory for persistence unit 'default'
2019-12-25 16:58:55.239  INFO 5204 --- [SpringContextShutdownHook] com.zaxxer.hikari.HikariDataSource       : HikariPool-1 - Shutdown initiated...
2019-12-25 16:58:55.247  INFO 5204 --- [SpringContextShutdownHook] com.zaxxer.hikari.HikariDataSource       : HikariPool-1 - Shutdown completed.
2019-12-25 16:58:58.472  INFO 5245 --- [restartedMain] com.maxi.crud.CrudApplication            : Starting CrudApplication on Maximilianos-MacBook-Pro.local with PID 5245 (/Users/maxi/Documents/Projects/crud/crud/target/classes started by maxi in /Users/maxi/Documents/Projects/crud/crud)
2019-12-25 16:58:58.475  INFO 5245 --- [restartedMain] com.maxi.crud.CrudApplication            : No active profile set, falling back to default profiles: default
2019-12-25 16:58:58.523  INFO 5245 --- [restartedMain] o.s.b.devtools.restart.ChangeableUrls    : The Class-Path manifest attribute in /Users/maxi/.m2/repository/org/glassfish/jaxb/jaxb-runtime/2.3.2/jaxb-runtime-2.3.2.jar referenced one or more files that do not exist: file:/Users/maxi/.m2/repository/org/glassfish/jaxb/jaxb-runtime/2.3.2/jakarta.xml.bind-api-2.3.2.jar,file:/Users/maxi/.m2/repository/org/glassfish/jaxb/jaxb-runtime/2.3.2/txw2-2.3.2.jar,file:/Users/maxi/.m2/repository/org/glassfish/jaxb/jaxb-runtime/2.3.2/istack-commons-runtime-3.0.8.jar,file:/Users/maxi/.m2/repository/org/glassfish/jaxb/jaxb-runtime/2.3.2/stax-ex-1.8.1.jar,file:/Users/maxi/.m2/repository/org/glassfish/jaxb/jaxb-runtime/2.3.2/FastInfoset-1.2.16.jar,file:/Users/maxi/.m2/repository/org/glassfish/jaxb/jaxb-runtime/2.3.2/jakarta.activation-api-1.2.1.jar
2019-12-25 16:58:58.523  INFO 5245 --- [restartedMain] .e.DevToolsPropertyDefaultsPostProcessor : Devtools property defaults active! Set 'spring.devtools.add-properties' to 'false' to disable
2019-12-25 16:58:58.524  INFO 5245 --- [restartedMain] .e.DevToolsPropertyDefaultsPostProcessor : For additional web related logging consider setting the 'logging.level.web' property to 'DEBUG'
2019-12-25 16:58:59.466  INFO 5245 --- [restartedMain] .s.d.r.c.RepositoryConfigurationDelegate : Bootstrapping Spring Data JPA repositories in DEFAULT mode.
2019-12-25 16:58:59.528  INFO 5245 --- [restartedMain] .s.d.r.c.RepositoryConfigurationDelegate : Finished Spring Data repository scanning in 52ms. Found 1 JPA repository interfaces.
2019-12-25 16:58:59.931  INFO 5245 --- [restartedMain] trationDelegate$BeanPostProcessorChecker : Bean 'org.springframework.transaction.annotation.ProxyTransactionManagementConfiguration' of type [org.springframework.transaction.annotation.ProxyTransactionManagementConfiguration] is not eligible for getting processed by all BeanPostProcessors (for example: not eligible for auto-proxying)
2019-12-25 16:59:00.201  INFO 5245 --- [restartedMain] o.s.b.w.embedded.tomcat.TomcatWebServer  : Tomcat initialized with port(s): 8080 (http)
2019-12-25 16:59:00.211  INFO 5245 --- [restartedMain] o.apache.catalina.core.StandardService   : Starting service [Tomcat]
2019-12-25 16:59:00.212  INFO 5245 --- [restartedMain] org.apache.catalina.core.StandardEngine  : Starting Servlet engine: [Apache Tomcat/9.0.29]
2019-12-25 16:59:00.299  INFO 5245 --- [restartedMain] o.a.c.c.C.[Tomcat].[localhost].[/]       : Initializing Spring embedded WebApplicationContext
2019-12-25 16:59:00.299  INFO 5245 --- [restartedMain] o.s.web.context.ContextLoader            : Root WebApplicationContext: initialization completed in 1775 ms
2019-12-25 16:59:00.759  INFO 5245 --- [restartedMain] com.zaxxer.hikari.HikariDataSource       : HikariPool-1 - Starting...
2019-12-25 16:59:00.830  INFO 5245 --- [restartedMain] com.zaxxer.hikari.HikariDataSource       : HikariPool-1 - Start completed.
2019-12-25 16:59:01.471  INFO 5245 --- [restartedMain] j.LocalContainerEntityManagerFactoryBean : Initialized JPA EntityManagerFactory for persistence unit 'default'
2019-12-25 16:59:01.486  INFO 5245 --- [restartedMain] o.s.b.d.a.OptionalLiveReloadServer       : LiveReload server is running on port 35729
2019-12-25 16:59:01.758  WARN 5245 --- [restartedMain] JpaBaseConfiguration$JpaWebConfiguration : spring.jpa.open-in-view is enabled by default. Therefore, database queries may be performed during view rendering. Explicitly configure spring.jpa.open-in-view to disable this warning
2019-12-25 16:59:02.070  INFO 5245 --- [restartedMain] pertySourcedRequestMappingHandlerMapping : Mapped URL path [/v2/api-docs] onto method [springfox.documentation.swagger2.web.Swagger2Controller#getDocumentation(String, HttpServletRequest)]
2019-12-25 16:59:02.321  INFO 5245 --- [restartedMain] o.s.s.web.DefaultSecurityFilterChain     : Creating filter chain: any request, [org.springframework.security.web.context.request.async.WebAsyncManagerIntegrationFilter@2b2e0271, org.springframework.security.web.context.SecurityContextPersistenceFilter@410d3d37, org.springframework.security.web.header.HeaderWriterFilter@512ff222, org.springframework.security.web.authentication.logout.LogoutFilter@56b53f30, org.springframework.security.web.authentication.UsernamePasswordAuthenticationFilter@118129bd, org.springframework.security.web.savedrequest.RequestCacheAwareFilter@6f65fbab, org.springframework.security.web.servletapi.SecurityContextHolderAwareRequestFilter@1f517777, org.springframework.security.web.authentication.AnonymousAuthenticationFilter@2ffbcfa0, org.springframework.security.web.session.SessionManagementFilter@33bbc326, org.springframework.security.web.access.ExceptionTranslationFilter@4d49e9ce, org.springframework.security.web.access.intercept.FilterSecurityInterceptor@30f362af]
2019-12-25 16:59:02.431  INFO 5245 --- [restartedMain] o.s.s.concurrent.ThreadPoolTaskExecutor  : Initializing ExecutorService 'applicationTaskExecutor'
2019-12-25 16:59:02.599  INFO 5245 --- [restartedMain] d.s.w.p.DocumentationPluginsBootstrapper : Context refreshed
2019-12-25 16:59:02.616  INFO 5245 --- [restartedMain] d.s.w.p.DocumentationPluginsBootstrapper : Found 1 custom documentation plugin(s)
2019-12-25 16:59:02.645  INFO 5245 --- [restartedMain] s.d.s.w.s.ApiListingReferenceScanner     : Scanning for api listing references
2019-12-25 16:59:02.803  INFO 5245 --- [restartedMain] o.s.b.w.embedded.tomcat.TomcatWebServer  : Tomcat started on port(s): 8080 (http) with context path ''
2019-12-25 16:59:02.806  INFO 5245 --- [restartedMain] com.maxi.crud.CrudApplication            : Started CrudApplication in 4.892 seconds (JVM running for 5.436)
2019-12-25 16:59:15.615  INFO 5245 --- [http-nio-8080-exec-1] o.a.c.c.C.[Tomcat].[localhost].[/]       : Initializing Spring DispatcherServlet 'dispatcherServlet'
2019-12-25 16:59:15.615  INFO 5245 --- [http-nio-8080-exec-1] o.s.web.servlet.DispatcherServlet        : Initializing Servlet 'dispatcherServlet'
2019-12-25 16:59:15.624  INFO 5245 --- [http-nio-8080-exec-1] o.s.web.servlet.DispatcherServlet        : Completed initialization in 8 ms
2019-12-25 17:05:03.163  INFO 5245 --- [SpringContextShutdownHook] o.s.s.concurrent.ThreadPoolTaskExecutor  : Shutting down ExecutorService 'applicationTaskExecutor'
2019-12-25 17:05:03.166  INFO 5245 --- [SpringContextShutdownHook] j.LocalContainerEntityManagerFactoryBean : Closing JPA EntityManagerFactory for persistence unit 'default'
2019-12-25 17:05:03.169  INFO 5245 --- [SpringContextShutdownHook] com.zaxxer.hikari.HikariDataSource       : HikariPool-1 - Shutdown initiated...
2019-12-25 17:05:03.175  INFO 5245 --- [SpringContextShutdownHook] com.zaxxer.hikari.HikariDataSource       : HikariPool-1 - Shutdown completed.
2019-12-25 17:05:06.245  INFO 5311 --- [restartedMain] com.maxi.crud.CrudApplication            : Starting CrudApplication on Maximilianos-MacBook-Pro.local with PID 5311 (/Users/maxi/Documents/Projects/crud/crud/target/classes started by maxi in /Users/maxi/Documents/Projects/crud/crud)
2019-12-25 17:05:06.248  INFO 5311 --- [restartedMain] com.maxi.crud.CrudApplication            : No active profile set, falling back to default profiles: default
2019-12-25 17:05:06.292  INFO 5311 --- [restartedMain] o.s.b.devtools.restart.ChangeableUrls    : The Class-Path manifest attribute in /Users/maxi/.m2/repository/org/glassfish/jaxb/jaxb-runtime/2.3.2/jaxb-runtime-2.3.2.jar referenced one or more files that do not exist: file:/Users/maxi/.m2/repository/org/glassfish/jaxb/jaxb-runtime/2.3.2/jakarta.xml.bind-api-2.3.2.jar,file:/Users/maxi/.m2/repository/org/glassfish/jaxb/jaxb-runtime/2.3.2/txw2-2.3.2.jar,file:/Users/maxi/.m2/repository/org/glassfish/jaxb/jaxb-runtime/2.3.2/istack-commons-runtime-3.0.8.jar,file:/Users/maxi/.m2/repository/org/glassfish/jaxb/jaxb-runtime/2.3.2/stax-ex-1.8.1.jar,file:/Users/maxi/.m2/repository/org/glassfish/jaxb/jaxb-runtime/2.3.2/FastInfoset-1.2.16.jar,file:/Users/maxi/.m2/repository/org/glassfish/jaxb/jaxb-runtime/2.3.2/jakarta.activation-api-1.2.1.jar
2019-12-25 17:05:06.293  INFO 5311 --- [restartedMain] .e.DevToolsPropertyDefaultsPostProcessor : Devtools property defaults active! Set 'spring.devtools.add-properties' to 'false' to disable
2019-12-25 17:05:06.293  INFO 5311 --- [restartedMain] .e.DevToolsPropertyDefaultsPostProcessor : For additional web related logging consider setting the 'logging.level.web' property to 'DEBUG'
2019-12-25 17:05:07.191  INFO 5311 --- [restartedMain] .s.d.r.c.RepositoryConfigurationDelegate : Bootstrapping Spring Data JPA repositories in DEFAULT mode.
2019-12-25 17:05:07.252  INFO 5311 --- [restartedMain] .s.d.r.c.RepositoryConfigurationDelegate : Finished Spring Data repository scanning in 53ms. Found 1 JPA repository interfaces.
2019-12-25 17:05:07.641  INFO 5311 --- [restartedMain] trationDelegate$BeanPostProcessorChecker : Bean 'org.springframework.transaction.annotation.ProxyTransactionManagementConfiguration' of type [org.springframework.transaction.annotation.ProxyTransactionManagementConfiguration] is not eligible for getting processed by all BeanPostProcessors (for example: not eligible for auto-proxying)
2019-12-25 17:05:07.891  INFO 5311 --- [restartedMain] o.s.b.w.embedded.tomcat.TomcatWebServer  : Tomcat initialized with port(s): 8080 (http)
2019-12-25 17:05:07.900  INFO 5311 --- [restartedMain] o.apache.catalina.core.StandardService   : Starting service [Tomcat]
2019-12-25 17:05:07.900  INFO 5311 --- [restartedMain] org.apache.catalina.core.StandardEngine  : Starting Servlet engine: [Apache Tomcat/9.0.29]
2019-12-25 17:05:07.978  INFO 5311 --- [restartedMain] o.a.c.c.C.[Tomcat].[localhost].[/]       : Initializing Spring embedded WebApplicationContext
2019-12-25 17:05:07.978  INFO 5311 --- [restartedMain] o.s.web.context.ContextLoader            : Root WebApplicationContext: initialization completed in 1685 ms
2019-12-25 17:05:08.380  INFO 5311 --- [restartedMain] com.zaxxer.hikari.HikariDataSource       : HikariPool-1 - Starting...
2019-12-25 17:05:08.447  INFO 5311 --- [restartedMain] com.zaxxer.hikari.HikariDataSource       : HikariPool-1 - Start completed.
2019-12-25 17:05:09.053  INFO 5311 --- [restartedMain] j.LocalContainerEntityManagerFactoryBean : Initialized JPA EntityManagerFactory for persistence unit 'default'
2019-12-25 17:05:09.066  INFO 5311 --- [restartedMain] o.s.b.d.a.OptionalLiveReloadServer       : LiveReload server is running on port 35729
2019-12-25 17:05:09.350  WARN 5311 --- [restartedMain] JpaBaseConfiguration$JpaWebConfiguration : spring.jpa.open-in-view is enabled by default. Therefore, database queries may be performed during view rendering. Explicitly configure spring.jpa.open-in-view to disable this warning
2019-12-25 17:05:09.622  INFO 5311 --- [restartedMain] pertySourcedRequestMappingHandlerMapping : Mapped URL path [/v2/api-docs] onto method [springfox.documentation.swagger2.web.Swagger2Controller#getDocumentation(String, HttpServletRequest)]
2019-12-25 17:05:09.846  INFO 5311 --- [restartedMain] o.s.s.web.DefaultSecurityFilterChain     : Creating filter chain: any request, [org.springframework.security.web.context.request.async.WebAsyncManagerIntegrationFilter@19b909bb, org.springframework.security.web.context.SecurityContextPersistenceFilter@785aca80, org.springframework.security.web.header.HeaderWriterFilter@6d9ef63a, org.springframework.security.web.authentication.logout.LogoutFilter@1e0aa696, org.springframework.security.web.authentication.UsernamePasswordAuthenticationFilter@4ce79d0e, org.springframework.security.web.savedrequest.RequestCacheAwareFilter@6196b838, org.springframework.security.web.servletapi.SecurityContextHolderAwareRequestFilter@587c75b7, org.springframework.security.web.authentication.AnonymousAuthenticationFilter@7ea2e198, org.springframework.security.web.session.SessionManagementFilter@ddb3702, org.springframework.security.web.access.ExceptionTranslationFilter@7f2c2a54, org.springframework.security.web.access.intercept.FilterSecurityInterceptor@6801ccf2]
2019-12-25 17:05:09.952  INFO 5311 --- [restartedMain] o.s.s.concurrent.ThreadPoolTaskExecutor  : Initializing ExecutorService 'applicationTaskExecutor'
2019-12-25 17:05:10.099  INFO 5311 --- [restartedMain] d.s.w.p.DocumentationPluginsBootstrapper : Context refreshed
2019-12-25 17:05:10.112  INFO 5311 --- [restartedMain] d.s.w.p.DocumentationPluginsBootstrapper : Found 1 custom documentation plugin(s)
2019-12-25 17:05:10.140  INFO 5311 --- [restartedMain] s.d.s.w.s.ApiListingReferenceScanner     : Scanning for api listing references
2019-12-25 17:05:10.310  INFO 5311 --- [restartedMain] o.s.b.w.embedded.tomcat.TomcatWebServer  : Tomcat started on port(s): 8080 (http) with context path ''
2019-12-25 17:05:10.313  INFO 5311 --- [restartedMain] com.maxi.crud.CrudApplication            : Started CrudApplication in 4.596 seconds (JVM running for 5.133)
2019-12-25 17:05:23.584  INFO 5311 --- [http-nio-8080-exec-1] o.a.c.c.C.[Tomcat].[localhost].[/]       : Initializing Spring DispatcherServlet 'dispatcherServlet'
2019-12-25 17:05:23.585  INFO 5311 --- [http-nio-8080-exec-1] o.s.web.servlet.DispatcherServlet        : Initializing Servlet 'dispatcherServlet'
2019-12-25 17:05:23.592  INFO 5311 --- [http-nio-8080-exec-1] o.s.web.servlet.DispatcherServlet        : Completed initialization in 7 ms
2019-12-25 17:05:55.995  INFO 5311 --- [http-nio-8080-exec-5] c.maxi.crud.controller.PersonController  : This is an info message
2019-12-25 17:06:09.297  INFO 5311 --- [SpringContextShutdownHook] o.s.s.concurrent.ThreadPoolTaskExecutor  : Shutting down ExecutorService 'applicationTaskExecutor'
2019-12-25 17:06:09.300  INFO 5311 --- [SpringContextShutdownHook] j.LocalContainerEntityManagerFactoryBean : Closing JPA EntityManagerFactory for persistence unit 'default'
2019-12-25 17:06:09.306  INFO 5311 --- [SpringContextShutdownHook] com.zaxxer.hikari.HikariDataSource       : HikariPool-1 - Shutdown initiated...
2019-12-25 17:06:09.320  INFO 5311 --- [SpringContextShutdownHook] com.zaxxer.hikari.HikariDataSource       : HikariPool-1 - Shutdown completed.
2019-12-25 17:06:12.268  INFO 5343 --- [restartedMain] com.maxi.crud.CrudApplication            : Starting CrudApplication on Maximilianos-MacBook-Pro.local with PID 5343 (/Users/maxi/Documents/Projects/crud/crud/target/classes started by maxi in /Users/maxi/Documents/Projects/crud/crud)
2019-12-25 17:06:12.271  INFO 5343 --- [restartedMain] com.maxi.crud.CrudApplication            : No active profile set, falling back to default profiles: default
2019-12-25 17:06:12.319  INFO 5343 --- [restartedMain] o.s.b.devtools.restart.ChangeableUrls    : The Class-Path manifest attribute in /Users/maxi/.m2/repository/org/glassfish/jaxb/jaxb-runtime/2.3.2/jaxb-runtime-2.3.2.jar referenced one or more files that do not exist: file:/Users/maxi/.m2/repository/org/glassfish/jaxb/jaxb-runtime/2.3.2/jakarta.xml.bind-api-2.3.2.jar,file:/Users/maxi/.m2/repository/org/glassfish/jaxb/jaxb-runtime/2.3.2/txw2-2.3.2.jar,file:/Users/maxi/.m2/repository/org/glassfish/jaxb/jaxb-runtime/2.3.2/istack-commons-runtime-3.0.8.jar,file:/Users/maxi/.m2/repository/org/glassfish/jaxb/jaxb-runtime/2.3.2/stax-ex-1.8.1.jar,file:/Users/maxi/.m2/repository/org/glassfish/jaxb/jaxb-runtime/2.3.2/FastInfoset-1.2.16.jar,file:/Users/maxi/.m2/repository/org/glassfish/jaxb/jaxb-runtime/2.3.2/jakarta.activation-api-1.2.1.jar
2019-12-25 17:06:12.319  INFO 5343 --- [restartedMain] .e.DevToolsPropertyDefaultsPostProcessor : Devtools property defaults active! Set 'spring.devtools.add-properties' to 'false' to disable
2019-12-25 17:06:12.319  INFO 5343 --- [restartedMain] .e.DevToolsPropertyDefaultsPostProcessor : For additional web related logging consider setting the 'logging.level.web' property to 'DEBUG'
2019-12-25 17:06:13.265  INFO 5343 --- [restartedMain] .s.d.r.c.RepositoryConfigurationDelegate : Bootstrapping Spring Data JPA repositories in DEFAULT mode.
2019-12-25 17:06:13.338  INFO 5343 --- [restartedMain] .s.d.r.c.RepositoryConfigurationDelegate : Finished Spring Data repository scanning in 64ms. Found 1 JPA repository interfaces.
2019-12-25 17:06:13.762  INFO 5343 --- [restartedMain] trationDelegate$BeanPostProcessorChecker : Bean 'org.springframework.transaction.annotation.ProxyTransactionManagementConfiguration' of type [org.springframework.transaction.annotation.ProxyTransactionManagementConfiguration] is not eligible for getting processed by all BeanPostProcessors (for example: not eligible for auto-proxying)
2019-12-25 17:06:14.028  INFO 5343 --- [restartedMain] o.s.b.w.embedded.tomcat.TomcatWebServer  : Tomcat initialized with port(s): 8080 (http)
2019-12-25 17:06:14.039  INFO 5343 --- [restartedMain] o.apache.catalina.core.StandardService   : Starting service [Tomcat]
2019-12-25 17:06:14.039  INFO 5343 --- [restartedMain] org.apache.catalina.core.StandardEngine  : Starting Servlet engine: [Apache Tomcat/9.0.29]
2019-12-25 17:06:14.123  INFO 5343 --- [restartedMain] o.a.c.c.C.[Tomcat].[localhost].[/]       : Initializing Spring embedded WebApplicationContext
2019-12-25 17:06:14.123  INFO 5343 --- [restartedMain] o.s.web.context.ContextLoader            : Root WebApplicationContext: initialization completed in 1804 ms
2019-12-25 17:06:14.592  INFO 5343 --- [restartedMain] com.zaxxer.hikari.HikariDataSource       : HikariPool-1 - Starting...
2019-12-25 17:06:14.669  INFO 5343 --- [restartedMain] com.zaxxer.hikari.HikariDataSource       : HikariPool-1 - Start completed.
2019-12-25 17:06:15.345  INFO 5343 --- [restartedMain] j.LocalContainerEntityManagerFactoryBean : Initialized JPA EntityManagerFactory for persistence unit 'default'
2019-12-25 17:06:15.360  INFO 5343 --- [restartedMain] o.s.b.d.a.OptionalLiveReloadServer       : LiveReload server is running on port 35729
2019-12-25 17:06:15.658  WARN 5343 --- [restartedMain] JpaBaseConfiguration$JpaWebConfiguration : spring.jpa.open-in-view is enabled by default. Therefore, database queries may be performed during view rendering. Explicitly configure spring.jpa.open-in-view to disable this warning
2019-12-25 17:06:15.962  INFO 5343 --- [restartedMain] pertySourcedRequestMappingHandlerMapping : Mapped URL path [/v2/api-docs] onto method [springfox.documentation.swagger2.web.Swagger2Controller#getDocumentation(String, HttpServletRequest)]
2019-12-25 17:06:16.184  INFO 5343 --- [restartedMain] o.s.s.web.DefaultSecurityFilterChain     : Creating filter chain: any request, [org.springframework.security.web.context.request.async.WebAsyncManagerIntegrationFilter@4bc5a617, org.springframework.security.web.context.SecurityContextPersistenceFilter@5e42d6e9, org.springframework.security.web.header.HeaderWriterFilter@c31ef43, org.springframework.security.web.authentication.logout.LogoutFilter@31902721, org.springframework.security.web.authentication.UsernamePasswordAuthenticationFilter@7637d5d6, org.springframework.security.web.savedrequest.RequestCacheAwareFilter@19dee3bb, org.springframework.security.web.servletapi.SecurityContextHolderAwareRequestFilter@cf2691d, org.springframework.security.web.authentication.AnonymousAuthenticationFilter@783ef4e1, org.springframework.security.web.session.SessionManagementFilter@53b83ac5, org.springframework.security.web.access.ExceptionTranslationFilter@2b062cfe, org.springframework.security.web.access.intercept.FilterSecurityInterceptor@7b2fa877]
2019-12-25 17:06:16.293  INFO 5343 --- [restartedMain] o.s.s.concurrent.ThreadPoolTaskExecutor  : Initializing ExecutorService 'applicationTaskExecutor'
2019-12-25 17:06:16.463  INFO 5343 --- [restartedMain] d.s.w.p.DocumentationPluginsBootstrapper : Context refreshed
2019-12-25 17:06:16.477  INFO 5343 --- [restartedMain] d.s.w.p.DocumentationPluginsBootstrapper : Found 1 custom documentation plugin(s)
2019-12-25 17:06:16.507  INFO 5343 --- [restartedMain] s.d.s.w.s.ApiListingReferenceScanner     : Scanning for api listing references
2019-12-25 17:06:16.668  INFO 5343 --- [restartedMain] o.s.b.w.embedded.tomcat.TomcatWebServer  : Tomcat started on port(s): 8080 (http) with context path ''
2019-12-25 17:06:16.671  INFO 5343 --- [restartedMain] com.maxi.crud.CrudApplication            : Started CrudApplication in 4.746 seconds (JVM running for 5.3)
2019-12-25 17:06:25.118  INFO 5343 --- [http-nio-8080-exec-1] o.a.c.c.C.[Tomcat].[localhost].[/]       : Initializing Spring DispatcherServlet 'dispatcherServlet'
2019-12-25 17:06:25.119  INFO 5343 --- [http-nio-8080-exec-1] o.s.web.servlet.DispatcherServlet        : Initializing Servlet 'dispatcherServlet'
2019-12-25 17:06:25.127  INFO 5343 --- [http-nio-8080-exec-1] o.s.web.servlet.DispatcherServlet        : Completed initialization in 8 ms
2019-12-25 17:06:27.050  INFO 5343 --- [http-nio-8080-exec-4] c.maxi.crud.controller.PersonController  : This is an info message
2019-12-25 17:06:33.126  INFO 5343 --- [SpringContextShutdownHook] o.s.s.concurrent.ThreadPoolTaskExecutor  : Shutting down ExecutorService 'applicationTaskExecutor'
2019-12-25 17:06:33.130  INFO 5343 --- [SpringContextShutdownHook] j.LocalContainerEntityManagerFactoryBean : Closing JPA EntityManagerFactory for persistence unit 'default'
2019-12-25 17:06:33.134  INFO 5343 --- [SpringContextShutdownHook] com.zaxxer.hikari.HikariDataSource       : HikariPool-1 - Shutdown initiated...
2019-12-25 17:06:33.140  INFO 5343 --- [SpringContextShutdownHook] com.zaxxer.hikari.HikariDataSource       : HikariPool-1 - Shutdown completed.
